语法

    0 $accept: input $end

    1 input: ε
    2      | input line

    3 line: '\n'
    4     | command '\n'
    5     | m_exp '\n'
    6     | exp '\n'
    7     | error '\n'

    8 matrix_stmt: t_name '=' m_exp

    9 matrix: '[' exp ']'
   10       | '[' vector ']'

   11 vector: array
   12       | vector ';' array

   13 array: exp ',' exp
   14      | array ',' exp

   15 exp: t_num
   16    | t_name
   17    | t_name '=' exp
   18    | t_fun '(' exp ')'
   19    | t_det '(' t_matrix ')'
   20    | m_exp '[' exp ']' '[' exp ']'
   21    | m_exp '[' exp ']' '[' exp ']' '=' exp
   22    | exp '+' exp
   23    | exp '-' exp
   24    | exp '*' exp
   25    | exp '/' exp
   26    | exp '%' exp
   27    | '-' exp
   28    | exp '^' exp
   29    | '(' exp ')'

   30 m_exp: matrix
   31      | t_matrix
   32      | matrix_stmt
   33      | t_inv '(' m_exp ')'
   34      | m_exp '+' m_exp
   35      | m_exp '*' m_exp
   36      | '(' t_matrix ')'

   37 command: t_clear
   38        | t_clean
   39        | t_quit


终结语词，附有它们出现处的规则

    $end (0) 0
    '\n' (10) 3 4 5 6 7
    '%' (37) 26
    '(' (40) 18 19 29 33 36
    ')' (41) 18 19 29 33 36
    '*' (42) 24 35
    '+' (43) 22 34
    ',' (44) 13 14
    '-' (45) 23 27
    '/' (47) 25
    ';' (59) 12
    '=' (61) 8 17 21
    '[' (91) 9 10 20 21
    ']' (93) 9 10 20 21
    '^' (94) 28
    error (256) 7
    t_clear <char*> (258) 37
    t_clean <char*> (259) 38
    t_quit <char*> (260) 39
    t_num <double> (261) 15
    t_name <symvar *> (262) 8 16 17
    t_fun <symvar *> (263) 18
    t_matrix <symvar *> (264) 19 31 36
    t_det <symvar *> (265) 19
    t_inv <matrix_t*> (266) 33
    NEG (267)


非终结语词，附有它们出现处的规则

    $accept (27)
        on left: 0
    input (28)
        on left: 1 2
        on right: 0 2
    line (29)
        on left: 3 4 5 6 7
        on right: 2
    matrix_stmt <symvar *> (30)
        on left: 8
        on right: 32
    matrix <matrix_t *> (31)
        on left: 9 10
        on right: 30
    vector <vector_t *> (32)
        on left: 11 12
        on right: 10 12
    array <array_t *> (33)
        on left: 13 14
        on right: 11 12 14
    exp <double> (34)
        on left: 15 16 17 18 19 20 21 22 23 24 25 26 27 28 29
        on right: 6 9 13 14 17 18 20 21 22 23 24 25 26 27 28 29
    m_exp <matrix_t *> (35)
        on left: 30 31 32 33 34 35 36
        on right: 5 8 20 21 33 34 35
    command (36)
        on left: 37 38 39
        on right: 4


状态 0

    0 $accept: • input $end

    $default  使用规则 1 以归约 (input)

    input  转到状态 1


状态 1

    0 $accept: input • $end
    2 input: input • line

    $end      偏移，并进入状态 2
    error     偏移，并进入状态 3
    t_clear   偏移，并进入状态 4
    t_clean   偏移，并进入状态 5
    t_quit    偏移，并进入状态 6
    t_num     偏移，并进入状态 7
    t_name    偏移，并进入状态 8
    t_fun     偏移，并进入状态 9
    t_matrix  偏移，并进入状态 10
    t_det     偏移，并进入状态 11
    t_inv     偏移，并进入状态 12
    '['       偏移，并进入状态 13
    '-'       偏移，并进入状态 14
    '\n'      偏移，并进入状态 15
    '('       偏移，并进入状态 16

    line         转到状态 17
    matrix_stmt  转到状态 18
    matrix       转到状态 19
    exp          转到状态 20
    m_exp        转到状态 21
    command      转到状态 22


状态 2

    0 $accept: input $end •

    $default  接受


状态 3

    7 line: error • '\n'

    '\n'  偏移，并进入状态 23


状态 4

   37 command: t_clear •

    $default  使用规则 37 以归约 (command)


状态 5

   38 command: t_clean •

    $default  使用规则 38 以归约 (command)


状态 6

   39 command: t_quit •

    $default  使用规则 39 以归约 (command)


状态 7

   15 exp: t_num •

    $default  使用规则 15 以归约 (exp)


状态 8

    8 matrix_stmt: t_name • '=' m_exp
   16 exp: t_name •
   17    | t_name • '=' exp

    '='  偏移，并进入状态 24

    $default  使用规则 16 以归约 (exp)


状态 9

   18 exp: t_fun • '(' exp ')'

    '('  偏移，并进入状态 25


状态 10

   31 m_exp: t_matrix •

    $default  使用规则 31 以归约 (m_exp)


状态 11

   19 exp: t_det • '(' t_matrix ')'

    '('  偏移，并进入状态 26


状态 12

   33 m_exp: t_inv • '(' m_exp ')'

    '('  偏移，并进入状态 27


状态 13

    9 matrix: '[' • exp ']'
   10       | '[' • vector ']'

    t_num     偏移，并进入状态 7
    t_name    偏移，并进入状态 8
    t_fun     偏移，并进入状态 9
    t_matrix  偏移，并进入状态 10
    t_det     偏移，并进入状态 11
    t_inv     偏移，并进入状态 12
    '['       偏移，并进入状态 13
    '-'       偏移，并进入状态 14
    '('       偏移，并进入状态 16

    matrix_stmt  转到状态 18
    matrix       转到状态 19
    vector       转到状态 28
    array        转到状态 29
    exp          转到状态 30
    m_exp        转到状态 31


状态 14

   27 exp: '-' • exp

    t_num     偏移，并进入状态 7
    t_name    偏移，并进入状态 8
    t_fun     偏移，并进入状态 9
    t_matrix  偏移，并进入状态 10
    t_det     偏移，并进入状态 11
    t_inv     偏移，并进入状态 12
    '['       偏移，并进入状态 13
    '-'       偏移，并进入状态 14
    '('       偏移，并进入状态 16

    matrix_stmt  转到状态 18
    matrix       转到状态 19
    exp          转到状态 32
    m_exp        转到状态 31


状态 15

    3 line: '\n' •

    $default  使用规则 3 以归约 (line)


状态 16

   29 exp: '(' • exp ')'
   36 m_exp: '(' • t_matrix ')'

    t_num     偏移，并进入状态 7
    t_name    偏移，并进入状态 8
    t_fun     偏移，并进入状态 9
    t_matrix  偏移，并进入状态 33
    t_det     偏移，并进入状态 11
    t_inv     偏移，并进入状态 12
    '['       偏移，并进入状态 13
    '-'       偏移，并进入状态 14
    '('       偏移，并进入状态 16

    matrix_stmt  转到状态 18
    matrix       转到状态 19
    exp          转到状态 34
    m_exp        转到状态 31


状态 17

    2 input: input line •

    $default  使用规则 2 以归约 (input)


状态 18

   32 m_exp: matrix_stmt •

    $default  使用规则 32 以归约 (m_exp)


状态 19

   30 m_exp: matrix •

    $default  使用规则 30 以归约 (m_exp)


状态 20

    6 line: exp • '\n'
   22 exp: exp • '+' exp
   23    | exp • '-' exp
   24    | exp • '*' exp
   25    | exp • '/' exp
   26    | exp • '%' exp
   28    | exp • '^' exp

    '-'   偏移，并进入状态 35
    '+'   偏移，并进入状态 36
    '*'   偏移，并进入状态 37
    '/'   偏移，并进入状态 38
    '^'   偏移，并进入状态 39
    '%'   偏移，并进入状态 40
    '\n'  偏移，并进入状态 41


状态 21

    5 line: m_exp • '\n'
   20 exp: m_exp • '[' exp ']' '[' exp ']'
   21    | m_exp • '[' exp ']' '[' exp ']' '=' exp
   34 m_exp: m_exp • '+' m_exp
   35      | m_exp • '*' m_exp

    '['   偏移，并进入状态 42
    '+'   偏移，并进入状态 43
    '*'   偏移，并进入状态 44
    '\n'  偏移，并进入状态 45


状态 22

    4 line: command • '\n'

    '\n'  偏移，并进入状态 46


状态 23

    7 line: error '\n' •

    $default  使用规则 7 以归约 (line)


状态 24

    8 matrix_stmt: t_name '=' • m_exp
   17 exp: t_name '=' • exp

    t_num     偏移，并进入状态 7
    t_name    偏移，并进入状态 8
    t_fun     偏移，并进入状态 9
    t_matrix  偏移，并进入状态 10
    t_det     偏移，并进入状态 11
    t_inv     偏移，并进入状态 12
    '['       偏移，并进入状态 13
    '-'       偏移，并进入状态 14
    '('       偏移，并进入状态 16

    matrix_stmt  转到状态 18
    matrix       转到状态 19
    exp          转到状态 47
    m_exp        转到状态 48


状态 25

   18 exp: t_fun '(' • exp ')'

    t_num     偏移，并进入状态 7
    t_name    偏移，并进入状态 8
    t_fun     偏移，并进入状态 9
    t_matrix  偏移，并进入状态 10
    t_det     偏移，并进入状态 11
    t_inv     偏移，并进入状态 12
    '['       偏移，并进入状态 13
    '-'       偏移，并进入状态 14
    '('       偏移，并进入状态 16

    matrix_stmt  转到状态 18
    matrix       转到状态 19
    exp          转到状态 49
    m_exp        转到状态 31


状态 26

   19 exp: t_det '(' • t_matrix ')'

    t_matrix  偏移，并进入状态 50


状态 27

   33 m_exp: t_inv '(' • m_exp ')'

    t_name    偏移，并进入状态 51
    t_matrix  偏移，并进入状态 10
    t_inv     偏移，并进入状态 12
    '['       偏移，并进入状态 13
    '('       偏移，并进入状态 52

    matrix_stmt  转到状态 18
    matrix       转到状态 19
    m_exp        转到状态 53


状态 28

   10 matrix: '[' vector • ']'
   12 vector: vector • ';' array

    ';'  偏移，并进入状态 54
    ']'  偏移，并进入状态 55


状态 29

   11 vector: array •
   14 array: array • ',' exp

    ','  偏移，并进入状态 56

    $default  使用规则 11 以归约 (vector)


状态 30

    9 matrix: '[' exp • ']'
   13 array: exp • ',' exp
   22 exp: exp • '+' exp
   23    | exp • '-' exp
   24    | exp • '*' exp
   25    | exp • '/' exp
   26    | exp • '%' exp
   28    | exp • '^' exp

    ','  偏移，并进入状态 57
    '-'  偏移，并进入状态 35
    '+'  偏移，并进入状态 36
    '*'  偏移，并进入状态 37
    '/'  偏移，并进入状态 38
    ']'  偏移，并进入状态 58
    '^'  偏移，并进入状态 39
    '%'  偏移，并进入状态 40


状态 31

   20 exp: m_exp • '[' exp ']' '[' exp ']'
   21    | m_exp • '[' exp ']' '[' exp ']' '=' exp
   34 m_exp: m_exp • '+' m_exp
   35      | m_exp • '*' m_exp

    '['  偏移，并进入状态 42
    '+'  偏移，并进入状态 43
    '*'  偏移，并进入状态 44


状态 32

   22 exp: exp • '+' exp
   23    | exp • '-' exp
   24    | exp • '*' exp
   25    | exp • '/' exp
   26    | exp • '%' exp
   27    | '-' exp •
   28    | exp • '^' exp

    '^'  偏移，并进入状态 39
    '%'  偏移，并进入状态 40

    $default  使用规则 27 以归约 (exp)


状态 33

   31 m_exp: t_matrix •
   36      | '(' t_matrix • ')'

    ')'  偏移，并进入状态 59

    $default  使用规则 31 以归约 (m_exp)


状态 34

   22 exp: exp • '+' exp
   23    | exp • '-' exp
   24    | exp • '*' exp
   25    | exp • '/' exp
   26    | exp • '%' exp
   28    | exp • '^' exp
   29    | '(' exp • ')'

    '-'  偏移，并进入状态 35
    '+'  偏移，并进入状态 36
    '*'  偏移，并进入状态 37
    '/'  偏移，并进入状态 38
    '^'  偏移，并进入状态 39
    '%'  偏移，并进入状态 40
    ')'  偏移，并进入状态 60


状态 35

   23 exp: exp '-' • exp

    t_num     偏移，并进入状态 7
    t_name    偏移，并进入状态 8
    t_fun     偏移，并进入状态 9
    t_matrix  偏移，并进入状态 10
    t_det     偏移，并进入状态 11
    t_inv     偏移，并进入状态 12
    '['       偏移，并进入状态 13
    '-'       偏移，并进入状态 14
    '('       偏移，并进入状态 16

    matrix_stmt  转到状态 18
    matrix       转到状态 19
    exp          转到状态 61
    m_exp        转到状态 31


状态 36

   22 exp: exp '+' • exp

    t_num     偏移，并进入状态 7
    t_name    偏移，并进入状态 8
    t_fun     偏移，并进入状态 9
    t_matrix  偏移，并进入状态 10
    t_det     偏移，并进入状态 11
    t_inv     偏移，并进入状态 12
    '['       偏移，并进入状态 13
    '-'       偏移，并进入状态 14
    '('       偏移，并进入状态 16

    matrix_stmt  转到状态 18
    matrix       转到状态 19
    exp          转到状态 62
    m_exp        转到状态 31


状态 37

   24 exp: exp '*' • exp

    t_num     偏移，并进入状态 7
    t_name    偏移，并进入状态 8
    t_fun     偏移，并进入状态 9
    t_matrix  偏移，并进入状态 10
    t_det     偏移，并进入状态 11
    t_inv     偏移，并进入状态 12
    '['       偏移，并进入状态 13
    '-'       偏移，并进入状态 14
    '('       偏移，并进入状态 16

    matrix_stmt  转到状态 18
    matrix       转到状态 19
    exp          转到状态 63
    m_exp        转到状态 31


状态 38

   25 exp: exp '/' • exp

    t_num     偏移，并进入状态 7
    t_name    偏移，并进入状态 8
    t_fun     偏移，并进入状态 9
    t_matrix  偏移，并进入状态 10
    t_det     偏移，并进入状态 11
    t_inv     偏移，并进入状态 12
    '['       偏移，并进入状态 13
    '-'       偏移，并进入状态 14
    '('       偏移，并进入状态 16

    matrix_stmt  转到状态 18
    matrix       转到状态 19
    exp          转到状态 64
    m_exp        转到状态 31


状态 39

   28 exp: exp '^' • exp

    t_num     偏移，并进入状态 7
    t_name    偏移，并进入状态 8
    t_fun     偏移，并进入状态 9
    t_matrix  偏移，并进入状态 10
    t_det     偏移，并进入状态 11
    t_inv     偏移，并进入状态 12
    '['       偏移，并进入状态 13
    '-'       偏移，并进入状态 14
    '('       偏移，并进入状态 16

    matrix_stmt  转到状态 18
    matrix       转到状态 19
    exp          转到状态 65
    m_exp        转到状态 31


状态 40

   26 exp: exp '%' • exp

    t_num     偏移，并进入状态 7
    t_name    偏移，并进入状态 8
    t_fun     偏移，并进入状态 9
    t_matrix  偏移，并进入状态 10
    t_det     偏移，并进入状态 11
    t_inv     偏移，并进入状态 12
    '['       偏移，并进入状态 13
    '-'       偏移，并进入状态 14
    '('       偏移，并进入状态 16

    matrix_stmt  转到状态 18
    matrix       转到状态 19
    exp          转到状态 66
    m_exp        转到状态 31


状态 41

    6 line: exp '\n' •

    $default  使用规则 6 以归约 (line)


状态 42

   20 exp: m_exp '[' • exp ']' '[' exp ']'
   21    | m_exp '[' • exp ']' '[' exp ']' '=' exp

    t_num     偏移，并进入状态 7
    t_name    偏移，并进入状态 8
    t_fun     偏移，并进入状态 9
    t_matrix  偏移，并进入状态 10
    t_det     偏移，并进入状态 11
    t_inv     偏移，并进入状态 12
    '['       偏移，并进入状态 13
    '-'       偏移，并进入状态 14
    '('       偏移，并进入状态 16

    matrix_stmt  转到状态 18
    matrix       转到状态 19
    exp          转到状态 67
    m_exp        转到状态 31


状态 43

   34 m_exp: m_exp '+' • m_exp

    t_name    偏移，并进入状态 51
    t_matrix  偏移，并进入状态 10
    t_inv     偏移，并进入状态 12
    '['       偏移，并进入状态 13
    '('       偏移，并进入状态 52

    matrix_stmt  转到状态 18
    matrix       转到状态 19
    m_exp        转到状态 68


状态 44

   35 m_exp: m_exp '*' • m_exp

    t_name    偏移，并进入状态 51
    t_matrix  偏移，并进入状态 10
    t_inv     偏移，并进入状态 12
    '['       偏移，并进入状态 13
    '('       偏移，并进入状态 52

    matrix_stmt  转到状态 18
    matrix       转到状态 19
    m_exp        转到状态 69


状态 45

    5 line: m_exp '\n' •

    $default  使用规则 5 以归约 (line)


状态 46

    4 line: command '\n' •

    $default  使用规则 4 以归约 (line)


状态 47

   17 exp: t_name '=' exp •
   22    | exp • '+' exp
   23    | exp • '-' exp
   24    | exp • '*' exp
   25    | exp • '/' exp
   26    | exp • '%' exp
   28    | exp • '^' exp

    '-'  偏移，并进入状态 35
    '+'  偏移，并进入状态 36
    '*'  偏移，并进入状态 37
    '/'  偏移，并进入状态 38
    '^'  偏移，并进入状态 39
    '%'  偏移，并进入状态 40

    $default  使用规则 17 以归约 (exp)


状态 48

    8 matrix_stmt: t_name '=' m_exp •
   20 exp: m_exp • '[' exp ']' '[' exp ']'
   21    | m_exp • '[' exp ']' '[' exp ']' '=' exp
   34 m_exp: m_exp • '+' m_exp
   35      | m_exp • '*' m_exp

    '['  偏移，并进入状态 42
    '+'  偏移，并进入状态 43
    '*'  偏移，并进入状态 44

    $default  使用规则 8 以归约 (matrix_stmt)


状态 49

   18 exp: t_fun '(' exp • ')'
   22    | exp • '+' exp
   23    | exp • '-' exp
   24    | exp • '*' exp
   25    | exp • '/' exp
   26    | exp • '%' exp
   28    | exp • '^' exp

    '-'  偏移，并进入状态 35
    '+'  偏移，并进入状态 36
    '*'  偏移，并进入状态 37
    '/'  偏移，并进入状态 38
    '^'  偏移，并进入状态 39
    '%'  偏移，并进入状态 40
    ')'  偏移，并进入状态 70


状态 50

   19 exp: t_det '(' t_matrix • ')'

    ')'  偏移，并进入状态 71


状态 51

    8 matrix_stmt: t_name • '=' m_exp

    '='  偏移，并进入状态 72


状态 52

   36 m_exp: '(' • t_matrix ')'

    t_matrix  偏移，并进入状态 73


状态 53

   33 m_exp: t_inv '(' m_exp • ')'
   34      | m_exp • '+' m_exp
   35      | m_exp • '*' m_exp

    '+'  偏移，并进入状态 43
    '*'  偏移，并进入状态 44
    ')'  偏移，并进入状态 74


状态 54

   12 vector: vector ';' • array

    t_num     偏移，并进入状态 7
    t_name    偏移，并进入状态 8
    t_fun     偏移，并进入状态 9
    t_matrix  偏移，并进入状态 10
    t_det     偏移，并进入状态 11
    t_inv     偏移，并进入状态 12
    '['       偏移，并进入状态 13
    '-'       偏移，并进入状态 14
    '('       偏移，并进入状态 16

    matrix_stmt  转到状态 18
    matrix       转到状态 19
    array        转到状态 75
    exp          转到状态 76
    m_exp        转到状态 31


状态 55

   10 matrix: '[' vector ']' •

    $default  使用规则 10 以归约 (matrix)


状态 56

   14 array: array ',' • exp

    t_num     偏移，并进入状态 7
    t_name    偏移，并进入状态 8
    t_fun     偏移，并进入状态 9
    t_matrix  偏移，并进入状态 10
    t_det     偏移，并进入状态 11
    t_inv     偏移，并进入状态 12
    '['       偏移，并进入状态 13
    '-'       偏移，并进入状态 14
    '('       偏移，并进入状态 16

    matrix_stmt  转到状态 18
    matrix       转到状态 19
    exp          转到状态 77
    m_exp        转到状态 31


状态 57

   13 array: exp ',' • exp

    t_num     偏移，并进入状态 7
    t_name    偏移，并进入状态 8
    t_fun     偏移，并进入状态 9
    t_matrix  偏移，并进入状态 10
    t_det     偏移，并进入状态 11
    t_inv     偏移，并进入状态 12
    '['       偏移，并进入状态 13
    '-'       偏移，并进入状态 14
    '('       偏移，并进入状态 16

    matrix_stmt  转到状态 18
    matrix       转到状态 19
    exp          转到状态 78
    m_exp        转到状态 31


状态 58

    9 matrix: '[' exp ']' •

    $default  使用规则 9 以归约 (matrix)


状态 59

   36 m_exp: '(' t_matrix ')' •

    $default  使用规则 36 以归约 (m_exp)


状态 60

   29 exp: '(' exp ')' •

    $default  使用规则 29 以归约 (exp)


状态 61

   22 exp: exp • '+' exp
   23    | exp • '-' exp
   23    | exp '-' exp •
   24    | exp • '*' exp
   25    | exp • '/' exp
   26    | exp • '%' exp
   28    | exp • '^' exp

    '*'  偏移，并进入状态 37
    '/'  偏移，并进入状态 38
    '^'  偏移，并进入状态 39
    '%'  偏移，并进入状态 40

    $default  使用规则 23 以归约 (exp)


状态 62

   22 exp: exp • '+' exp
   22    | exp '+' exp •
   23    | exp • '-' exp
   24    | exp • '*' exp
   25    | exp • '/' exp
   26    | exp • '%' exp
   28    | exp • '^' exp

    '*'  偏移，并进入状态 37
    '/'  偏移，并进入状态 38
    '^'  偏移，并进入状态 39
    '%'  偏移，并进入状态 40

    $default  使用规则 22 以归约 (exp)


状态 63

   22 exp: exp • '+' exp
   23    | exp • '-' exp
   24    | exp • '*' exp
   24    | exp '*' exp •
   25    | exp • '/' exp
   26    | exp • '%' exp
   28    | exp • '^' exp

    '^'  偏移，并进入状态 39
    '%'  偏移，并进入状态 40

    $default  使用规则 24 以归约 (exp)


状态 64

   22 exp: exp • '+' exp
   23    | exp • '-' exp
   24    | exp • '*' exp
   25    | exp • '/' exp
   25    | exp '/' exp •
   26    | exp • '%' exp
   28    | exp • '^' exp

    '^'  偏移，并进入状态 39
    '%'  偏移，并进入状态 40

    $default  使用规则 25 以归约 (exp)


状态 65

   22 exp: exp • '+' exp
   23    | exp • '-' exp
   24    | exp • '*' exp
   25    | exp • '/' exp
   26    | exp • '%' exp
   28    | exp • '^' exp
   28    | exp '^' exp •

    '^'  偏移，并进入状态 39
    '%'  偏移，并进入状态 40

    $default  使用规则 28 以归约 (exp)


状态 66

   22 exp: exp • '+' exp
   23    | exp • '-' exp
   24    | exp • '*' exp
   25    | exp • '/' exp
   26    | exp • '%' exp
   26    | exp '%' exp •
   28    | exp • '^' exp

    '^'  偏移，并进入状态 39
    '%'  偏移，并进入状态 40

    $default  使用规则 26 以归约 (exp)


状态 67

   20 exp: m_exp '[' exp • ']' '[' exp ']'
   21    | m_exp '[' exp • ']' '[' exp ']' '=' exp
   22    | exp • '+' exp
   23    | exp • '-' exp
   24    | exp • '*' exp
   25    | exp • '/' exp
   26    | exp • '%' exp
   28    | exp • '^' exp

    '-'  偏移，并进入状态 35
    '+'  偏移，并进入状态 36
    '*'  偏移，并进入状态 37
    '/'  偏移，并进入状态 38
    ']'  偏移，并进入状态 79
    '^'  偏移，并进入状态 39
    '%'  偏移，并进入状态 40


状态 68

   34 m_exp: m_exp • '+' m_exp
   34      | m_exp '+' m_exp •
   35      | m_exp • '*' m_exp

    '*'  偏移，并进入状态 44

    $default  使用规则 34 以归约 (m_exp)


状态 69

   34 m_exp: m_exp • '+' m_exp
   35      | m_exp • '*' m_exp
   35      | m_exp '*' m_exp •

    $default  使用规则 35 以归约 (m_exp)


状态 70

   18 exp: t_fun '(' exp ')' •

    $default  使用规则 18 以归约 (exp)


状态 71

   19 exp: t_det '(' t_matrix ')' •

    $default  使用规则 19 以归约 (exp)


状态 72

    8 matrix_stmt: t_name '=' • m_exp

    t_name    偏移，并进入状态 51
    t_matrix  偏移，并进入状态 10
    t_inv     偏移，并进入状态 12
    '['       偏移，并进入状态 13
    '('       偏移，并进入状态 52

    matrix_stmt  转到状态 18
    matrix       转到状态 19
    m_exp        转到状态 80


状态 73

   36 m_exp: '(' t_matrix • ')'

    ')'  偏移，并进入状态 59


状态 74

   33 m_exp: t_inv '(' m_exp ')' •

    $default  使用规则 33 以归约 (m_exp)


状态 75

   12 vector: vector ';' array •
   14 array: array • ',' exp

    ','  偏移，并进入状态 56

    $default  使用规则 12 以归约 (vector)


状态 76

   13 array: exp • ',' exp
   22 exp: exp • '+' exp
   23    | exp • '-' exp
   24    | exp • '*' exp
   25    | exp • '/' exp
   26    | exp • '%' exp
   28    | exp • '^' exp

    ','  偏移，并进入状态 57
    '-'  偏移，并进入状态 35
    '+'  偏移，并进入状态 36
    '*'  偏移，并进入状态 37
    '/'  偏移，并进入状态 38
    '^'  偏移，并进入状态 39
    '%'  偏移，并进入状态 40


状态 77

   14 array: array ',' exp •
   22 exp: exp • '+' exp
   23    | exp • '-' exp
   24    | exp • '*' exp
   25    | exp • '/' exp
   26    | exp • '%' exp
   28    | exp • '^' exp

    '-'  偏移，并进入状态 35
    '+'  偏移，并进入状态 36
    '*'  偏移，并进入状态 37
    '/'  偏移，并进入状态 38
    '^'  偏移，并进入状态 39
    '%'  偏移，并进入状态 40

    $default  使用规则 14 以归约 (array)


状态 78

   13 array: exp ',' exp •
   22 exp: exp • '+' exp
   23    | exp • '-' exp
   24    | exp • '*' exp
   25    | exp • '/' exp
   26    | exp • '%' exp
   28    | exp • '^' exp

    '-'  偏移，并进入状态 35
    '+'  偏移，并进入状态 36
    '*'  偏移，并进入状态 37
    '/'  偏移，并进入状态 38
    '^'  偏移，并进入状态 39
    '%'  偏移，并进入状态 40

    $default  使用规则 13 以归约 (array)


状态 79

   20 exp: m_exp '[' exp ']' • '[' exp ']'
   21    | m_exp '[' exp ']' • '[' exp ']' '=' exp

    '['  偏移，并进入状态 81


状态 80

    8 matrix_stmt: t_name '=' m_exp •
   34 m_exp: m_exp • '+' m_exp
   35      | m_exp • '*' m_exp

    '+'  偏移，并进入状态 43
    '*'  偏移，并进入状态 44

    $default  使用规则 8 以归约 (matrix_stmt)


状态 81

   20 exp: m_exp '[' exp ']' '[' • exp ']'
   21    | m_exp '[' exp ']' '[' • exp ']' '=' exp

    t_num     偏移，并进入状态 7
    t_name    偏移，并进入状态 8
    t_fun     偏移，并进入状态 9
    t_matrix  偏移，并进入状态 10
    t_det     偏移，并进入状态 11
    t_inv     偏移，并进入状态 12
    '['       偏移，并进入状态 13
    '-'       偏移，并进入状态 14
    '('       偏移，并进入状态 16

    matrix_stmt  转到状态 18
    matrix       转到状态 19
    exp          转到状态 82
    m_exp        转到状态 31


状态 82

   20 exp: m_exp '[' exp ']' '[' exp • ']'
   21    | m_exp '[' exp ']' '[' exp • ']' '=' exp
   22    | exp • '+' exp
   23    | exp • '-' exp
   24    | exp • '*' exp
   25    | exp • '/' exp
   26    | exp • '%' exp
   28    | exp • '^' exp

    '-'  偏移，并进入状态 35
    '+'  偏移，并进入状态 36
    '*'  偏移，并进入状态 37
    '/'  偏移，并进入状态 38
    ']'  偏移，并进入状态 83
    '^'  偏移，并进入状态 39
    '%'  偏移，并进入状态 40


状态 83

   20 exp: m_exp '[' exp ']' '[' exp ']' •
   21    | m_exp '[' exp ']' '[' exp ']' • '=' exp

    '='  偏移，并进入状态 84

    $default  使用规则 20 以归约 (exp)


状态 84

   21 exp: m_exp '[' exp ']' '[' exp ']' '=' • exp

    t_num     偏移，并进入状态 7
    t_name    偏移，并进入状态 8
    t_fun     偏移，并进入状态 9
    t_matrix  偏移，并进入状态 10
    t_det     偏移，并进入状态 11
    t_inv     偏移，并进入状态 12
    '['       偏移，并进入状态 13
    '-'       偏移，并进入状态 14
    '('       偏移，并进入状态 16

    matrix_stmt  转到状态 18
    matrix       转到状态 19
    exp          转到状态 85
    m_exp        转到状态 31


状态 85

   21 exp: m_exp '[' exp ']' '[' exp ']' '=' exp •
   22    | exp • '+' exp
   23    | exp • '-' exp
   24    | exp • '*' exp
   25    | exp • '/' exp
   26    | exp • '%' exp
   28    | exp • '^' exp

    '-'  偏移，并进入状态 35
    '+'  偏移，并进入状态 36
    '*'  偏移，并进入状态 37
    '/'  偏移，并进入状态 38
    '^'  偏移，并进入状态 39
    '%'  偏移，并进入状态 40

    $default  使用规则 21 以归约 (exp)
